1623107921571	geckodriver	INFO	Listening on 127.0.0.1:8163
1623107924745	mozrunner::runner	INFO	Running command: "C:\\Program Files\\Mozilla Firefox\\firefox.exe" "--marionette" "-foreground" "-no-remote" "-profile" "C:\\Users\\Blue\\AppData\\Local\\Temp\\rust_mozprofileAYnqcw"
1623107951986	Marionette	INFO	Marionette enabled
console.warn: SearchSettings: "get: No settings file exists, new profile?" (new NotFoundError("Could not open the file at C:\\Users\\Blue\\AppData\\Local\\Temp\\rust_mozprofileAYnqcw\\search.json.mozlz4", (void 0)))
console.error: Region.jsm: "Error fetching region" (new Error("TIMEOUT", "resource://gre/modules/Region.jsm", 772))
console.error: Region.jsm: "Failed to fetch region" (new Error("TIMEOUT", "resource://gre/modules/Region.jsm", 419))
console.error: "Could not write session state file " (new Error("_initWorker called too early! Please read the session file from disk first.", "resource:///modules/sessionstore/SessionFile.jsm", 375)) "_initWorker/<@resource:///modules/sessionstore/SessionFile.jsm:375:15\n_initWorker@resource:///modules/sessionstore/SessionFile.jsm:368:12\n_postToWorker@resource:///modules/sessionstore/SessionFile.jsm:410:16\nwrite@resource:///modules/sessionstore/SessionFile.jsm:448:24\nwrite@resource:///modules/sessionstore/SessionFile.jsm:75:32\n_writeState@resource:///modules/sessionstore/SessionSaver.jsm:367:24\n_saveState@resource:///modules/sessionstore/SessionSaver.jsm:301:17\n_saveStateAsync@resource:///modules/sessionstore/SessionSaver.jsm:351:10\nsaveStateAsyncWhenIdle@resource:///modules/sessionstore/SessionSaver.jsm:198:14\ncallback@resource://gre/modules/Timer.jsm:127:16\n"
JavaScript error: resource://activity-stream/lib/ActivityStreamPrefs.jsm, line 27: NS_ERROR_ILLEGAL_VALUE: Component returned failure code: 0x80070057 (NS_ERROR_ILLEGAL_VALUE) [nsIPrefBranch.removeObserver]
JavaScript error: resource://activity-stream/lib/PlacesFeed.jsm, line 166: NS_ERROR_XPC_GS_RETURNED_FAILURE: ServiceManager::GetService returned failure code:
JavaScript error: resource://gre/modules/ExtensionSettingsStore.jsm, line 122: Error: The ExtensionSettingsStore was accessed before the initialize promise resolved.
[Parent 11120, IPC I/O Parent] WARNING: file /builds/worker/checkouts/gecko/ipc/chromium/src/base/process_util_win.cc:167
console.error: "Could not load engine google@search.mozilla.org: [Exception... \"AddonManager is not initialized\"  nsresult: \"0xc1f30001 (NS_ERROR_NOT_INITIALIZED)\"  location: \"JS frame :: resource://gre/modules/AddonManager.jsm :: installBuiltinAddon :: line 2536\"  data: no]"
console.error: "Could not load engine amazondotcom@search.mozilla.org: [Exception... \"AddonManager is not initialized\"  nsresult: \"0xc1f30001 (NS_ERROR_NOT_INITIALIZED)\"  location: \"JS frame :: resource://gre/modules/AddonManager.jsm :: installBuiltinAddon :: line 2536\"  data: no]"
console.error: "Could not load engine wikipedia@search.mozilla.org: [Exception... \"AddonManager is not initialized\"  nsresult: \"0xc1f30001 (NS_ERROR_NOT_INITIALIZED)\"  location: \"JS frame :: resource://gre/modules/AddonManager.jsm :: installBuiltinAddon :: line 2536\"  data: no]"
console.error: "Could not load engine bing@search.mozilla.org: [Exception... \"AddonManager is not initialized\"  nsresult: \"0xc1f30001 (NS_ERROR_NOT_INITIALIZED)\"  location: \"JS frame :: resource://gre/modules/AddonManager.jsm :: installBuiltinAddon :: line 2536\"  data: no]"
console.error: "Could not load engine ddg@search.mozilla.org: [Exception... \"AddonManager is not initialized\"  nsresult: \"0xc1f30001 (NS_ERROR_NOT_INITIALIZED)\"  location: \"JS frame :: resource://gre/modules/AddonManager.jsm :: installBuiltinAddon :: line 2536\"  data: no]"
console.warn: SearchService: "_init: abandoning init due to shutting down"
JavaScript error: resource://gre/modules/AsyncShutdown.jsm, line 575: uncaught exception: 2147500036
JavaScript error: resource://gre/modules/AsyncShutdown.jsm, line 575: uncaught exception: 2147500036
JavaScript error: resource://gre/modules/AsyncShutdown.jsm, line 575: uncaught exception: 2147500036
JavaScript error: resource://gre/modules/AsyncShutdown.jsm, line 575: uncaught exception: 2147500036
JavaScript error: resource://gre/modules/AsyncShutdown.jsm, line 575: uncaught exception: 2147500036
console.error: (new Error("SessionFile is closed", "resource:///modules/sessionstore/SessionFile.jsm", 433))
*** UTM:SVC TimerManager:registerTimer called after profile-before-change notification. Ignoring timer registration for id: telemetry_modules_ping
*** UTM:SVC TimerManager:registerTimer called after profile-before-change notification. Ignoring timer registration for id: telemetry_untrustedmodules_ping
console.log: "RemoteSettingsWorker error: Error: Can't import when we've started shutting down."
JavaScript error: , line 0: AbortError: A request was aborted, for example through a call to IDBTransaction.abort.

###!!! [Child][RunMessage] Error: Channel closing: too late to send/recv, messages will be lost

1623109777325	geckodriver	INFO	Listening on 127.0.0.1:12765
1623109780568	mozrunner::runner	INFO	Running command: "C:\\Program Files\\Mozilla Firefox\\firefox.exe" "--marionette" "-foreground" "-no-remote" "-profile" "C:\\Users\\Blue\\AppData\\Local\\Temp\\rust_mozprofilecd6zIY"
1623109782212	Marionette	INFO	Marionette enabled
console.warn: SearchSettings: "get: No settings file exists, new profile?" (new NotFoundError("Could not open the file at C:\\Users\\Blue\\AppData\\Local\\Temp\\rust_mozprofilecd6zIY\\search.json.mozlz4", (void 0)))
console.error: Region.jsm: "Error fetching region" (new AbortError("The operation was aborted. ", (void 0), 770))
console.error: Region.jsm: "Failed to fetch region" (new Error("NO_RESULT", "resource://gre/modules/Region.jsm", 419))
1623109802908	Marionette	INFO	Listening on port 12773
1623109805248	Marionette	WARN	TLS certificate errors will be ignored for this session
JavaScript warning: https://www.opencccapply.net/_Incapsula_Resource?SWJIYLWA=719d34d31c8e3a6e6fffd425f7e032f3&ns=1&cb=1801826139, line 1: unreachable code after return statement
JavaScript warning: https://www.opencccapply.net/_Incapsula_Resource?SWJIYLWA=719d34d31c8e3a6e6fffd425f7e032f3&ns=1&cb=1801826139, line 1: unreachable code after return statement
JavaScript warning: https://www.opencccapply.net/_Incapsula_Resource?SWJIYLWA=719d34d31c8e3a6e6fffd425f7e032f3&ns=1&cb=1801826139, line 1: unreachable code after return statement
JavaScript warning: https://www.opencccapply.net/_Incapsula_Resource?SWJIYLWA=719d34d31c8e3a6e6fffd425f7e032f3&ns=1&cb=1801826139 line 1 > eval, line 1: unreachable code after return statement
JavaScript warning: https://www.opencccapply.net/_Incapsula_Resource?SWJIYLWA=719d34d31c8e3a6e6fffd425f7e032f3&ns=1&cb=1801826139 line 1 > eval, line 1: unreachable code after return statement
JavaScript warning: https://www.openccc.net/_Incapsula_Resource?SWJIYLWA=719d34d31c8e3a6e6fffd425f7e032f3&ns=5&cb=1651980724, line 1: unreachable code after return statement
JavaScript warning: https://www.openccc.net/_Incapsula_Resource?SWJIYLWA=719d34d31c8e3a6e6fffd425f7e032f3&ns=5&cb=1651980724, line 1: unreachable code after return statement
JavaScript warning: https://www.openccc.net/_Incapsula_Resource?SWJIYLWA=719d34d31c8e3a6e6fffd425f7e032f3&ns=5&cb=1651980724, line 1: unreachable code after return statement
JavaScript warning: https://www.openccc.net/_Incapsula_Resource?SWJIYLWA=719d34d31c8e3a6e6fffd425f7e032f3&ns=5&cb=1651980724 line 1 > eval, line 1: unreachable code after return statement
JavaScript warning: https://www.openccc.net/_Incapsula_Resource?SWJIYLWA=719d34d31c8e3a6e6fffd425f7e032f3&ns=5&cb=1651980724 line 1 > eval, line 1: unreachable code after return statement
JavaScript error: https://www.openccc.net/ccc-jasig-widget-portlets/assets/js/common/common-js.js?v=ddd6efc, line 2: TypeError: window.ccc.Module is undefined
JavaScript warning: https://idp.openccc.net/_Incapsula_Resource?SWJIYLWA=719d34d31c8e3a6e6fffd425f7e032f3&ns=1&cb=228133938, line 1: unreachable code after return statement
JavaScript warning: https://idp.openccc.net/_Incapsula_Resource?SWJIYLWA=719d34d31c8e3a6e6fffd425f7e032f3&ns=1&cb=228133938, line 1: unreachable code after return statement
JavaScript warning: https://idp.openccc.net/_Incapsula_Resource?SWJIYLWA=719d34d31c8e3a6e6fffd425f7e032f3&ns=1&cb=228133938, line 1: unreachable code after return statement
JavaScript warning: https://idp.openccc.net/_Incapsula_Resource?SWJIYLWA=719d34d31c8e3a6e6fffd425f7e032f3&ns=1&cb=228133938 line 1 > eval, line 1: unreachable code after return statement
JavaScript warning: https://idp.openccc.net/_Incapsula_Resource?SWJIYLWA=719d34d31c8e3a6e6fffd425f7e032f3&ns=1&cb=228133938 line 1 > eval, line 1: unreachable code after return statement
JavaScript warning: https://idp.openccc.net/_Incapsula_Resource?SWJIYLWA=719d34d31c8e3a6e6fffd425f7e032f3&ns=7&cb=1644469518, line 1: unreachable code after return statement
JavaScript warning: https://idp.openccc.net/_Incapsula_Resource?SWJIYLWA=719d34d31c8e3a6e6fffd425f7e032f3&ns=7&cb=1644469518, line 1: unreachable code after return statement
JavaScript warning: https://idp.openccc.net/_Incapsula_Resource?SWJIYLWA=719d34d31c8e3a6e6fffd425f7e032f3&ns=7&cb=1644469518, line 1: unreachable code after return statement
JavaScript warning: https://idp.openccc.net/_Incapsula_Resource?SWJIYLWA=719d34d31c8e3a6e6fffd425f7e032f3&ns=7&cb=1644469518 line 1 > eval, line 1: unreachable code after return statement
JavaScript warning: https://idp.openccc.net/_Incapsula_Resource?SWJIYLWA=719d34d31c8e3a6e6fffd425f7e032f3&ns=7&cb=1644469518 line 1 > eval, line 1: unreachable code after return statement
JavaScript error: https://www.opencccapply.net/uPortal/media/skins/common/javascript/uportal/up-ga.js, line 1: TypeError: up.analytics is undefined
1623110122513	Marionette	WARN	Ignoring event 'DOMContentLoaded' because document has an invalid readyState of 'complete'.
JavaScript error: https://www.opencccapply.net/uPortal/f/u67l1s1000/p/CCCApply.u67l1n1100/max/render.uP?pP_execution=e1s9, line 711: ReferenceError: validator is not defined
1623110334255	Marionette	INFO	Stopped listening on port 12773

###!!! [Child][RunMessage] Error: Channel closing: too late to send/recv, messages will be lost

1623110671137	geckodriver	INFO	Listening on 127.0.0.1:9451
1623110674251	mozrunner::runner	INFO	Running command: "C:\\Program Files\\Mozilla Firefox\\firefox.exe" "--marionette" "-foreground" "-no-remote" "-profile" "C:\\Users\\Blue\\AppData\\Local\\Temp\\rust_mozprofile8elgHF"
1623110675283	Marionette	INFO	Marionette enabled
console.warn: SearchSettings: "get: No settings file exists, new profile?" (new NotFoundError("Could not open the file at C:\\Users\\Blue\\AppData\\Local\\Temp\\rust_mozprofile8elgHF\\search.json.mozlz4", (void 0)))
console.error: Region.jsm: "Error fetching region" (new Error("TIMEOUT", "resource://gre/modules/Region.jsm", 772))
console.error: Region.jsm: "Failed to fetch region" (new Error("TIMEOUT", "resource://gre/modules/Region.jsm", 419))
1623110691944	Marionette	INFO	Listening on port 9459
1623110692365	Marionette	WARN	TLS certificate errors will be ignored for this session
JavaScript warning: https://www.opencccapply.net/_Incapsula_Resource?SWJIYLWA=719d34d31c8e3a6e6fffd425f7e032f3&ns=1&cb=850689589, line 1: unreachable code after return statement
JavaScript warning: https://www.opencccapply.net/_Incapsula_Resource?SWJIYLWA=719d34d31c8e3a6e6fffd425f7e032f3&ns=1&cb=850689589, line 1: unreachable code after return statement
JavaScript warning: https://www.opencccapply.net/_Incapsula_Resource?SWJIYLWA=719d34d31c8e3a6e6fffd425f7e032f3&ns=1&cb=850689589, line 1: unreachable code after return statement
JavaScript warning: https://www.opencccapply.net/_Incapsula_Resource?SWJIYLWA=719d34d31c8e3a6e6fffd425f7e032f3&ns=1&cb=850689589 line 1 > eval, line 1: unreachable code after return statement
JavaScript warning: https://www.opencccapply.net/_Incapsula_Resource?SWJIYLWA=719d34d31c8e3a6e6fffd425f7e032f3&ns=1&cb=850689589 line 1 > eval, line 1: unreachable code after return statement
JavaScript warning: https://www.openccc.net/_Incapsula_Resource?SWJIYLWA=719d34d31c8e3a6e6fffd425f7e032f3&ns=5&cb=931072011, line 1: unreachable code after return statement
JavaScript warning: https://www.openccc.net/_Incapsula_Resource?SWJIYLWA=719d34d31c8e3a6e6fffd425f7e032f3&ns=5&cb=931072011, line 1: unreachable code after return statement
JavaScript warning: https://www.openccc.net/_Incapsula_Resource?SWJIYLWA=719d34d31c8e3a6e6fffd425f7e032f3&ns=5&cb=931072011 line 1 > eval, line 1: unreachable code after return statement
1623110825530	Marionette	INFO	Stopped listening on port 9459

###!!! [Child][RunMessage] Error: Channel closing: too late to send/recv, messages will be lost

1623110838859	geckodriver	INFO	Listening on 127.0.0.1:11144
1623110841994	mozrunner::runner	INFO	Running command: "C:\\Program Files\\Mozilla Firefox\\firefox.exe" "--marionette" "-foreground" "-no-remote" "-profile" "C:\\Users\\Blue\\AppData\\Local\\Temp\\rust_mozprofileJkG6wZ"
1623110842621	Marionette	INFO	Marionette enabled
console.warn: SearchSettings: "get: No settings file exists, new profile?" (new NotFoundError("Could not open the file at C:\\Users\\Blue\\AppData\\Local\\Temp\\rust_mozprofileJkG6wZ\\search.json.mozlz4", (void 0)))
console.error: Region.jsm: "Error fetching region" (new TypeError("NetworkError when attempting to fetch resource.", ""))
console.error: Region.jsm: "Failed to fetch region" (new Error("NO_RESULT", "resource://gre/modules/Region.jsm", 419))
1623110858700	Marionette	INFO	Listening on port 11152
1623110859050	Marionette	WARN	TLS certificate errors will be ignored for this session
JavaScript warning: https://www.opencccapply.net/_Incapsula_Resource?SWJIYLWA=719d34d31c8e3a6e6fffd425f7e032f3&ns=1&cb=1982389407, line 1: unreachable code after return statement
JavaScript warning: https://www.opencccapply.net/_Incapsula_Resource?SWJIYLWA=719d34d31c8e3a6e6fffd425f7e032f3&ns=1&cb=1982389407, line 1: unreachable code after return statement
JavaScript warning: https://www.opencccapply.net/_Incapsula_Resource?SWJIYLWA=719d34d31c8e3a6e6fffd425f7e032f3&ns=1&cb=1982389407 line 1 > eval, line 1: unreachable code after return statement
JavaScript warning: https://www.openccc.net/_Incapsula_Resource?SWJIYLWA=719d34d31c8e3a6e6fffd425f7e032f3&ns=5&cb=1604651379, line 1: unreachable code after return statement
JavaScript warning: https://www.openccc.net/_Incapsula_Resource?SWJIYLWA=719d34d31c8e3a6e6fffd425f7e032f3&ns=5&cb=1604651379, line 1: unreachable code after return statement
JavaScript warning: https://www.openccc.net/_Incapsula_Resource?SWJIYLWA=719d34d31c8e3a6e6fffd425f7e032f3&ns=5&cb=1604651379, line 1: unreachable code after return statement
JavaScript warning: https://www.openccc.net/_Incapsula_Resource?SWJIYLWA=719d34d31c8e3a6e6fffd425f7e032f3&ns=5&cb=1604651379 line 1 > eval, line 1: unreachable code after return statement
JavaScript warning: https://www.openccc.net/_Incapsula_Resource?SWJIYLWA=719d34d31c8e3a6e6fffd425f7e032f3&ns=5&cb=1604651379 line 1 > eval, line 1: unreachable code after return statement
1623110993511	Marionette	INFO	Stopped listening on port 11152

###!!! [Child][RunMessage] Error: Channel closing: too late to send/recv, messages will be lost

1623111014730	geckodriver	INFO	Listening on 127.0.0.1:3925
1623111017832	mozrunner::runner	INFO	Running command: "C:\\Program Files\\Mozilla Firefox\\firefox.exe" "--marionette" "-foreground" "-no-remote" "-profile" "C:\\Users\\Blue\\AppData\\Local\\Temp\\rust_mozprofileH12DhM"
1623111018483	Marionette	INFO	Marionette enabled
console.warn: SearchSettings: "get: No settings file exists, new profile?" (new NotFoundError("Could not open the file at C:\\Users\\Blue\\AppData\\Local\\Temp\\rust_mozprofileH12DhM\\search.json.mozlz4", (void 0)))
console.error: Region.jsm: "Error fetching region" (new TypeError("NetworkError when attempting to fetch resource.", ""))
console.error: Region.jsm: "Failed to fetch region" (new Error("NO_RESULT", "resource://gre/modules/Region.jsm", 419))
1623111035080	Marionette	INFO	Listening on port 3933
1623111035451	Marionette	WARN	TLS certificate errors will be ignored for this session
JavaScript warning: https://www.opencccapply.net/_Incapsula_Resource?SWJIYLWA=719d34d31c8e3a6e6fffd425f7e032f3&ns=1&cb=1241052401, line 1: unreachable code after return statement
JavaScript warning: https://www.opencccapply.net/_Incapsula_Resource?SWJIYLWA=719d34d31c8e3a6e6fffd425f7e032f3&ns=1&cb=1241052401, line 1: unreachable code after return statement
JavaScript warning: https://www.opencccapply.net/_Incapsula_Resource?SWJIYLWA=719d34d31c8e3a6e6fffd425f7e032f3&ns=1&cb=1241052401 line 1 > eval, line 1: unreachable code after return statement
JavaScript warning: https://www.openccc.net/_Incapsula_Resource?SWJIYLWA=719d34d31c8e3a6e6fffd425f7e032f3&ns=5&cb=1736616954, line 1: unreachable code after return statement
JavaScript warning: https://www.openccc.net/_Incapsula_Resource?SWJIYLWA=719d34d31c8e3a6e6fffd425f7e032f3&ns=5&cb=1736616954, line 1: unreachable code after return statement
JavaScript warning: https://www.openccc.net/_Incapsula_Resource?SWJIYLWA=719d34d31c8e3a6e6fffd425f7e032f3&ns=5&cb=1736616954, line 1: unreachable code after return statement
JavaScript warning: https://www.openccc.net/_Incapsula_Resource?SWJIYLWA=719d34d31c8e3a6e6fffd425f7e032f3&ns=5&cb=1736616954 line 1 > eval, line 1: unreachable code after return statement
JavaScript warning: https://www.openccc.net/_Incapsula_Resource?SWJIYLWA=719d34d31c8e3a6e6fffd425f7e032f3&ns=5&cb=1736616954 line 1 > eval, line 1: unreachable code after return statement
JavaScript error: https://www.openccc.net/ccc-jasig-widget-portlets/assets/js/common/common-js.js?v=ddd6efc, line 2: TypeError: window.ccc.Module is undefined
JavaScript warning: https://idp.openccc.net/_Incapsula_Resource?SWJIYLWA=719d34d31c8e3a6e6fffd425f7e032f3&ns=1&cb=682157905, line 1: unreachable code after return statement
JavaScript warning: https://idp.openccc.net/_Incapsula_Resource?SWJIYLWA=719d34d31c8e3a6e6fffd425f7e032f3&ns=1&cb=682157905, line 1: unreachable code after return statement
JavaScript warning: https://idp.openccc.net/_Incapsula_Resource?SWJIYLWA=719d34d31c8e3a6e6fffd425f7e032f3&ns=1&cb=682157905, line 1: unreachable code after return statement
JavaScript warning: https://idp.openccc.net/_Incapsula_Resource?SWJIYLWA=719d34d31c8e3a6e6fffd425f7e032f3&ns=1&cb=682157905 line 1 > eval, line 1: unreachable code after return statement
JavaScript warning: https://idp.openccc.net/_Incapsula_Resource?SWJIYLWA=719d34d31c8e3a6e6fffd425f7e032f3&ns=1&cb=682157905 line 1 > eval, line 1: unreachable code after return statement
JavaScript warning: https://idp.openccc.net/_Incapsula_Resource?SWJIYLWA=719d34d31c8e3a6e6fffd425f7e032f3&ns=6&cb=881267411, line 1: unreachable code after return statement
JavaScript warning: https://idp.openccc.net/_Incapsula_Resource?SWJIYLWA=719d34d31c8e3a6e6fffd425f7e032f3&ns=6&cb=881267411, line 1: unreachable code after return statement
JavaScript warning: https://idp.openccc.net/_Incapsula_Resource?SWJIYLWA=719d34d31c8e3a6e6fffd425f7e032f3&ns=6&cb=881267411, line 1: unreachable code after return statement
JavaScript warning: https://idp.openccc.net/_Incapsula_Resource?SWJIYLWA=719d34d31c8e3a6e6fffd425f7e032f3&ns=6&cb=881267411 line 1 > eval, line 1: unreachable code after return statement
JavaScript warning: https://idp.openccc.net/_Incapsula_Resource?SWJIYLWA=719d34d31c8e3a6e6fffd425f7e032f3&ns=6&cb=881267411 line 1 > eval, line 1: unreachable code after return statement
JavaScript error: https://www.opencccapply.net/uPortal/f/u67l1s1000/p/CCCApply.u67l1n1100/max/render.uP?pP_execution=e1s9, line 711: ReferenceError: validator is not defined
1623111401435	Marionette	INFO	Stopped listening on port 3933

###!!! [Child][RunMessage] Error: Channel closing: too late to send/recv, messages will be lost

1623111857762	geckodriver	INFO	Listening on 127.0.0.1:3204
1623111860865	mozrunner::runner	INFO	Running command: "C:\\Program Files\\Mozilla Firefox\\firefox.exe" "--marionette" "-foreground" "-no-remote" "-profile" "C:\\Users\\Blue\\AppData\\Local\\Temp\\rust_mozprofileYb4fYg"
1623111861458	Marionette	INFO	Marionette enabled
console.warn: SearchSettings: "get: No settings file exists, new profile?" (new NotFoundError("Could not open the file at C:\\Users\\Blue\\AppData\\Local\\Temp\\rust_mozprofileYb4fYg\\search.json.mozlz4", (void 0)))
console.error: Region.jsm: "Error fetching region" (new Error("TIMEOUT", "resource://gre/modules/Region.jsm", 772))
console.error: Region.jsm: "Failed to fetch region" (new Error("TIMEOUT", "resource://gre/modules/Region.jsm", 419))
1623111877267	Marionette	INFO	Listening on port 3212
1623111877347	Marionette	WARN	TLS certificate errors will be ignored for this session
JavaScript warning: https://www.opencccapply.net/_Incapsula_Resource?SWJIYLWA=719d34d31c8e3a6e6fffd425f7e032f3&ns=1&cb=2069265136, line 1: unreachable code after return statement
JavaScript warning: https://www.opencccapply.net/_Incapsula_Resource?SWJIYLWA=719d34d31c8e3a6e6fffd425f7e032f3&ns=1&cb=2069265136, line 1: unreachable code after return statement
JavaScript warning: https://www.opencccapply.net/_Incapsula_Resource?SWJIYLWA=719d34d31c8e3a6e6fffd425f7e032f3&ns=1&cb=2069265136, line 1: unreachable code after return statement
JavaScript warning: https://www.opencccapply.net/_Incapsula_Resource?SWJIYLWA=719d34d31c8e3a6e6fffd425f7e032f3&ns=1&cb=2069265136 line 1 > eval, line 1: unreachable code after return statement
JavaScript warning: https://www.opencccapply.net/_Incapsula_Resource?SWJIYLWA=719d34d31c8e3a6e6fffd425f7e032f3&ns=1&cb=2069265136 line 1 > eval, line 1: unreachable code after return statement
JavaScript warning: https://www.openccc.net/_Incapsula_Resource?SWJIYLWA=719d34d31c8e3a6e6fffd425f7e032f3&ns=5&cb=621961619, line 1: unreachable code after return statement
JavaScript warning: https://www.openccc.net/_Incapsula_Resource?SWJIYLWA=719d34d31c8e3a6e6fffd425f7e032f3&ns=5&cb=621961619, line 1: unreachable code after return statement
JavaScript warning: https://www.openccc.net/_Incapsula_Resource?SWJIYLWA=719d34d31c8e3a6e6fffd425f7e032f3&ns=5&cb=621961619, line 1: unreachable code after return statement
JavaScript warning: https://www.openccc.net/_Incapsula_Resource?SWJIYLWA=719d34d31c8e3a6e6fffd425f7e032f3&ns=5&cb=621961619 line 1 > eval, line 1: unreachable code after return statement
JavaScript warning: https://www.openccc.net/_Incapsula_Resource?SWJIYLWA=719d34d31c8e3a6e6fffd425f7e032f3&ns=5&cb=621961619 line 1 > eval, line 1: unreachable code after return statement
[Parent 10476, IPC I/O Parent] WARNING: file /builds/worker/checkouts/gecko/ipc/chromium/src/base/process_util_win.cc:167
1623112012040	Marionette	INFO	Stopped listening on port 3212

###!!! [Child][RunMessage] Error: Channel closing: too late to send/recv, messages will be lost

1623112029231	geckodriver	INFO	Listening on 127.0.0.1:13472
1623112032386	mozrunner::runner	INFO	Running command: "C:\\Program Files\\Mozilla Firefox\\firefox.exe" "--marionette" "-foreground" "-no-remote" "-profile" "C:\\Users\\Blue\\AppData\\Local\\Temp\\rust_mozprofileZzVGMK"
1623112033383	Marionette	INFO	Marionette enabled
console.warn: SearchSettings: "get: No settings file exists, new profile?" (new NotFoundError("Could not open the file at C:\\Users\\Blue\\AppData\\Local\\Temp\\rust_mozprofileZzVGMK\\search.json.mozlz4", (void 0)))
console.error: Region.jsm: "Error fetching region" (new Error("TIMEOUT", "resource://gre/modules/Region.jsm", 772))
console.error: Region.jsm: "Failed to fetch region" (new Error("TIMEOUT", "resource://gre/modules/Region.jsm", 419))
1623112047658	Marionette	INFO	Listening on port 9483
1623112047898	Marionette	WARN	TLS certificate errors will be ignored for this session
JavaScript warning: https://www.opencccapply.net/_Incapsula_Resource?SWJIYLWA=719d34d31c8e3a6e6fffd425f7e032f3&ns=1&cb=1148567734, line 1: unreachable code after return statement
JavaScript warning: https://www.opencccapply.net/_Incapsula_Resource?SWJIYLWA=719d34d31c8e3a6e6fffd425f7e032f3&ns=1&cb=1148567734, line 1: unreachable code after return statement
JavaScript warning: https://www.opencccapply.net/_Incapsula_Resource?SWJIYLWA=719d34d31c8e3a6e6fffd425f7e032f3&ns=1&cb=1148567734 line 1 > eval, line 1: unreachable code after return statement
JavaScript warning: https://www.opencccapply.net/_Incapsula_Resource?SWJIYLWA=719d34d31c8e3a6e6fffd425f7e032f3&ns=1&cb=1148567734 line 1 > eval, line 1: unreachable code after return statement
JavaScript warning: https://www.openccc.net/_Incapsula_Resource?SWJIYLWA=719d34d31c8e3a6e6fffd425f7e032f3&ns=7&cb=1250351658, line 1: unreachable code after return statement
JavaScript warning: https://www.openccc.net/_Incapsula_Resource?SWJIYLWA=719d34d31c8e3a6e6fffd425f7e032f3&ns=7&cb=1250351658, line 1: unreachable code after return statement
JavaScript warning: https://www.openccc.net/_Incapsula_Resource?SWJIYLWA=719d34d31c8e3a6e6fffd425f7e032f3&ns=7&cb=1250351658, line 1: unreachable code after return statement
JavaScript warning: https://www.openccc.net/_Incapsula_Resource?SWJIYLWA=719d34d31c8e3a6e6fffd425f7e032f3&ns=7&cb=1250351658 line 1 > eval, line 1: unreachable code after return statement
JavaScript warning: https://www.openccc.net/_Incapsula_Resource?SWJIYLWA=719d34d31c8e3a6e6fffd425f7e032f3&ns=7&cb=1250351658 line 1 > eval, line 1: unreachable code after return statement
1623112104115	Marionette	WARN	TimedPromise timed out after 500 ms: stacktrace:
TimedPromise/<@chrome://marionette/content/sync.js:237:19
TimedPromise@chrome://marionette/content/sync.js:222:10
interaction.flushEventLoop@chrome://marionette/content/interaction.js:431:10
webdriverClickElement@chrome://marionette/content/interaction.js:179:31
IPDL protocol error: Handler returned error code!

###!!! [Parent][DispatchAsyncMessage] Error: PMessagePort::Msg_PostMessages Processing error: message was deserialized, but the handler returned false (indicating failure)

JavaScript error: https://www.openccc.net/ccc-jasig-widget-portlets/assets/js/common/common-js.js?v=ddd6efc, line 2: TypeError: window.ccc.Module is undefined
JavaScript warning: https://idp.openccc.net/_Incapsula_Resource?SWJIYLWA=719d34d31c8e3a6e6fffd425f7e032f3&ns=1&cb=724824278, line 1: unreachable code after return statement
JavaScript warning: https://idp.openccc.net/_Incapsula_Resource?SWJIYLWA=719d34d31c8e3a6e6fffd425f7e032f3&ns=1&cb=724824278, line 1: unreachable code after return statement
JavaScript warning: https://idp.openccc.net/_Incapsula_Resource?SWJIYLWA=719d34d31c8e3a6e6fffd425f7e032f3&ns=1&cb=724824278 line 1 > eval, line 1: unreachable code after return statement
[Parent 10580, IPC I/O Parent] WARNING: file /builds/worker/checkouts/gecko/ipc/chromium/src/base/process_util_win.cc:167
1623112373612	Marionette	INFO	Stopped listening on port 9483

###!!! [Child][RunMessage] Error: Channel closing: too late to send/recv, messages will be lost

1623112478559	geckodriver	INFO	Listening on 127.0.0.1:9709
1623112481683	mozrunner::runner	INFO	Running command: "C:\\Program Files\\Mozilla Firefox\\firefox.exe" "--marionette" "-foreground" "-no-remote" "-profile" "C:\\Users\\Blue\\AppData\\Local\\Temp\\rust_mozprofile1IZEvw"
1623112482420	Marionette	INFO	Marionette enabled
console.warn: SearchSettings: "get: No settings file exists, new profile?" (new NotFoundError("Could not open the file at C:\\Users\\Blue\\AppData\\Local\\Temp\\rust_mozprofile1IZEvw\\search.json.mozlz4", (void 0)))
console.error: Region.jsm: "Error fetching region" (new Error("TIMEOUT", "resource://gre/modules/Region.jsm", 772))
console.error: Region.jsm: "Failed to fetch region" (new Error("TIMEOUT", "resource://gre/modules/Region.jsm", 419))
[Parent 10400, IPC I/O Parent] WARNING: file /builds/worker/checkouts/gecko/ipc/chromium/src/base/process_util_win.cc:167
1623112498360	Marionette	INFO	Listening on port 9719
1623112502660	Marionette	WARN	TLS certificate errors will be ignored for this session
JavaScript warning: https://www.opencccapply.net/_Incapsula_Resource?SWJIYLWA=719d34d31c8e3a6e6fffd425f7e032f3&ns=1&cb=67908738, line 1: unreachable code after return statement
JavaScript warning: https://www.opencccapply.net/_Incapsula_Resource?SWJIYLWA=719d34d31c8e3a6e6fffd425f7e032f3&ns=1&cb=67908738, line 1: unreachable code after return statement
JavaScript warning: https://www.opencccapply.net/_Incapsula_Resource?SWJIYLWA=719d34d31c8e3a6e6fffd425f7e032f3&ns=1&cb=67908738, line 1: unreachable code after return statement
JavaScript warning: https://www.opencccapply.net/_Incapsula_Resource?SWJIYLWA=719d34d31c8e3a6e6fffd425f7e032f3&ns=1&cb=67908738 line 1 > eval, line 1: unreachable code after return statement
JavaScript warning: https://www.opencccapply.net/_Incapsula_Resource?SWJIYLWA=719d34d31c8e3a6e6fffd425f7e032f3&ns=1&cb=67908738 line 1 > eval, line 1: unreachable code after return statement
JavaScript warning: https://www.openccc.net/_Incapsula_Resource?SWJIYLWA=719d34d31c8e3a6e6fffd425f7e032f3&ns=5&cb=146754595, line 1: unreachable code after return statement
JavaScript warning: https://www.openccc.net/_Incapsula_Resource?SWJIYLWA=719d34d31c8e3a6e6fffd425f7e032f3&ns=5&cb=146754595, line 1: unreachable code after return statement
JavaScript warning: https://www.openccc.net/_Incapsula_Resource?SWJIYLWA=719d34d31c8e3a6e6fffd425f7e032f3&ns=5&cb=146754595 line 1 > eval, line 1: unreachable code after return statement
JavaScript warning: https://www.openccc.net/_Incapsula_Resource?SWJIYLWA=719d34d31c8e3a6e6fffd425f7e032f3&ns=5&cb=146754595 line 1 > eval, line 1: unreachable code after return statement
[Parent 10400, IPC I/O Parent] WARNING: file /builds/worker/checkouts/gecko/ipc/chromium/src/base/process_util_win.cc:167
1623112656748	Marionette	INFO	Stopped listening on port 9719

###!!! [Child][RunMessage] Error: Channel closing: too late to send/recv, messages will be lost

1623112665456	geckodriver	INFO	Listening on 127.0.0.1:9472
1623112678929	geckodriver	INFO	Listening on 127.0.0.1:9477
1623112682035	mozrunner::runner	INFO	Running command: "C:\\Program Files\\Mozilla Firefox\\firefox.exe" "--marionette" "-foreground" "-no-remote" "-profile" "C:\\Users\\Blue\\AppData\\Local\\Temp\\rust_mozprofileZJ4CAi"
1623112683473	Marionette	INFO	Marionette enabled
console.warn: SearchSettings: "get: No settings file exists, new profile?" (new NotFoundError("Could not open the file at C:\\Users\\Blue\\AppData\\Local\\Temp\\rust_mozprofileZJ4CAi\\search.json.mozlz4", (void 0)))
console.error: Region.jsm: "Error fetching region" (new Error("TIMEOUT", "resource://gre/modules/Region.jsm", 772))
console.error: Region.jsm: "Failed to fetch region" (new Error("TIMEOUT", "resource://gre/modules/Region.jsm", 419))
1623112697631	Marionette	INFO	Listening on port 9485
1623112698024	Marionette	WARN	TLS certificate errors will be ignored for this session
JavaScript warning: https://www.opencccapply.net/_Incapsula_Resource?SWJIYLWA=719d34d31c8e3a6e6fffd425f7e032f3&ns=1&cb=352817718, line 1: unreachable code after return statement
JavaScript warning: https://www.opencccapply.net/_Incapsula_Resource?SWJIYLWA=719d34d31c8e3a6e6fffd425f7e032f3&ns=1&cb=352817718, line 1: unreachable code after return statement
JavaScript warning: https://www.opencccapply.net/_Incapsula_Resource?SWJIYLWA=719d34d31c8e3a6e6fffd425f7e032f3&ns=1&cb=352817718, line 1: unreachable code after return statement
JavaScript warning: https://www.opencccapply.net/_Incapsula_Resource?SWJIYLWA=719d34d31c8e3a6e6fffd425f7e032f3&ns=1&cb=352817718 line 1 > eval, line 1: unreachable code after return statement
JavaScript warning: https://www.opencccapply.net/_Incapsula_Resource?SWJIYLWA=719d34d31c8e3a6e6fffd425f7e032f3&ns=1&cb=352817718 line 1 > eval, line 1: unreachable code after return statement
JavaScript warning: https://www.openccc.net/_Incapsula_Resource?SWJIYLWA=719d34d31c8e3a6e6fffd425f7e032f3&ns=5&cb=1913066052, line 1: unreachable code after return statement
JavaScript warning: https://www.openccc.net/_Incapsula_Resource?SWJIYLWA=719d34d31c8e3a6e6fffd425f7e032f3&ns=5&cb=1913066052, line 1: unreachable code after return statement
JavaScript warning: https://www.openccc.net/_Incapsula_Resource?SWJIYLWA=719d34d31c8e3a6e6fffd425f7e032f3&ns=5&cb=1913066052, line 1: unreachable code after return statement
JavaScript warning: https://www.openccc.net/_Incapsula_Resource?SWJIYLWA=719d34d31c8e3a6e6fffd425f7e032f3&ns=5&cb=1913066052 line 1 > eval, line 1: unreachable code after return statement
JavaScript warning: https://www.openccc.net/_Incapsula_Resource?SWJIYLWA=719d34d31c8e3a6e6fffd425f7e032f3&ns=5&cb=1913066052 line 1 > eval, line 1: unreachable code after return statement
JavaScript error: https://www.openccc.net/ccc-jasig-widget-portlets/assets/js/common/common-js.js?v=ddd6efc, line 2: TypeError: window.ccc.Module is undefined
JavaScript warning: https://idp.openccc.net/_Incapsula_Resource?SWJIYLWA=719d34d31c8e3a6e6fffd425f7e032f3&ns=1&cb=1473406157, line 1: unreachable code after return statement
JavaScript warning: https://idp.openccc.net/_Incapsula_Resource?SWJIYLWA=719d34d31c8e3a6e6fffd425f7e032f3&ns=1&cb=1473406157, line 1: unreachable code after return statement
JavaScript warning: https://idp.openccc.net/_Incapsula_Resource?SWJIYLWA=719d34d31c8e3a6e6fffd425f7e032f3&ns=1&cb=1473406157, line 1: unreachable code after return statement
JavaScript warning: https://idp.openccc.net/_Incapsula_Resource?SWJIYLWA=719d34d31c8e3a6e6fffd425f7e032f3&ns=1&cb=1473406157 line 1 > eval, line 1: unreachable code after return statement
JavaScript warning: https://idp.openccc.net/_Incapsula_Resource?SWJIYLWA=719d34d31c8e3a6e6fffd425f7e032f3&ns=1&cb=1473406157 line 1 > eval, line 1: unreachable code after return statement
JavaScript warning: https://idp.openccc.net/_Incapsula_Resource?SWJIYLWA=719d34d31c8e3a6e6fffd425f7e032f3&ns=6&cb=502620519, line 1: unreachable code after return statement
JavaScript warning: https://idp.openccc.net/_Incapsula_Resource?SWJIYLWA=719d34d31c8e3a6e6fffd425f7e032f3&ns=6&cb=502620519, line 1: unreachable code after return statement
JavaScript warning: https://idp.openccc.net/_Incapsula_Resource?SWJIYLWA=719d34d31c8e3a6e6fffd425f7e032f3&ns=6&cb=502620519, line 1: unreachable code after return statement
JavaScript warning: https://idp.openccc.net/_Incapsula_Resource?SWJIYLWA=719d34d31c8e3a6e6fffd425f7e032f3&ns=6&cb=502620519 line 1 > eval, line 1: unreachable code after return statement
JavaScript warning: https://idp.openccc.net/_Incapsula_Resource?SWJIYLWA=719d34d31c8e3a6e6fffd425f7e032f3&ns=6&cb=502620519 line 1 > eval, line 1: unreachable code after return statement
[Parent 14560, IPC I/O Parent] WARNING: file /builds/worker/checkouts/gecko/ipc/chromium/src/base/process_util_win.cc:167
1623112960564	Marionette	INFO	Stopped listening on port 9485

###!!! [Child][RunMessage] Error: Channel closing: too late to send/recv, messages will be lost

1623113305913	geckodriver	INFO	Listening on 127.0.0.1:12033
1623113309020	mozrunner::runner	INFO	Running command: "C:\\Program Files\\Mozilla Firefox\\firefox.exe" "--marionette" "-foreground" "-no-remote" "-profile" "C:\\Users\\Blue\\AppData\\Local\\Temp\\rust_mozprofileBdcdFa"
1623113311124	Marionette	INFO	Marionette enabled
console.warn: SearchSettings: "get: No settings file exists, new profile?" (new NotFoundError("Could not open the file at C:\\Users\\Blue\\AppData\\Local\\Temp\\rust_mozprofileBdcdFa\\search.json.mozlz4", (void 0)))
console.error: Region.jsm: "Error fetching region" (new AbortError("The operation was aborted. ", (void 0), 770))
console.error: Region.jsm: "Failed to fetch region" (new Error("NO_RESULT", "resource://gre/modules/Region.jsm", 419))
1623113330434	Marionette	INFO	Listening on port 12041
1623113330942	Marionette	WARN	TLS certificate errors will be ignored for this session
JavaScript warning: https://www.opencccapply.net/_Incapsula_Resource?SWJIYLWA=719d34d31c8e3a6e6fffd425f7e032f3&ns=1&cb=1314209427, line 1: unreachable code after return statement
JavaScript warning: https://www.opencccapply.net/_Incapsula_Resource?SWJIYLWA=719d34d31c8e3a6e6fffd425f7e032f3&ns=1&cb=1314209427, line 1: unreachable code after return statement
JavaScript warning: https://www.opencccapply.net/_Incapsula_Resource?SWJIYLWA=719d34d31c8e3a6e6fffd425f7e032f3&ns=1&cb=1314209427, line 1: unreachable code after return statement
JavaScript warning: https://www.opencccapply.net/_Incapsula_Resource?SWJIYLWA=719d34d31c8e3a6e6fffd425f7e032f3&ns=1&cb=1314209427 line 1 > eval, line 1: unreachable code after return statement
JavaScript warning: https://www.opencccapply.net/_Incapsula_Resource?SWJIYLWA=719d34d31c8e3a6e6fffd425f7e032f3&ns=1&cb=1314209427 line 1 > eval, line 1: unreachable code after return statement
JavaScript warning: https://www.openccc.net/_Incapsula_Resource?SWJIYLWA=719d34d31c8e3a6e6fffd425f7e032f3&ns=5&cb=1428790449, line 1: unreachable code after return statement
JavaScript warning: https://www.openccc.net/_Incapsula_Resource?SWJIYLWA=719d34d31c8e3a6e6fffd425f7e032f3&ns=5&cb=1428790449, line 1: unreachable code after return statement
JavaScript warning: https://www.openccc.net/_Incapsula_Resource?SWJIYLWA=719d34d31c8e3a6e6fffd425f7e032f3&ns=5&cb=1428790449, line 1: unreachable code after return statement
JavaScript warning: https://www.openccc.net/_Incapsula_Resource?SWJIYLWA=719d34d31c8e3a6e6fffd425f7e032f3&ns=5&cb=1428790449 line 1 > eval, line 1: unreachable code after return statement
JavaScript warning: https://www.openccc.net/_Incapsula_Resource?SWJIYLWA=719d34d31c8e3a6e6fffd425f7e032f3&ns=5&cb=1428790449 line 1 > eval, line 1: unreachable code after return statement
JavaScript error: https://www.openccc.net/ccc-jasig-widget-portlets/assets/js/common/common-js.js?v=ddd6efc, line 2: TypeError: window.ccc.Module is undefined
JavaScript warning: https://idp.openccc.net/_Incapsula_Resource?SWJIYLWA=719d34d31c8e3a6e6fffd425f7e032f3&ns=1&cb=1066858220, line 1: unreachable code after return statement
JavaScript warning: https://idp.openccc.net/_Incapsula_Resource?SWJIYLWA=719d34d31c8e3a6e6fffd425f7e032f3&ns=1&cb=1066858220, line 1: unreachable code after return statement
JavaScript warning: https://idp.openccc.net/_Incapsula_Resource?SWJIYLWA=719d34d31c8e3a6e6fffd425f7e032f3&ns=1&cb=1066858220, line 1: unreachable code after return statement
JavaScript warning: https://idp.openccc.net/_Incapsula_Resource?SWJIYLWA=719d34d31c8e3a6e6fffd425f7e032f3&ns=1&cb=1066858220 line 1 > eval, line 1: unreachable code after return statement
JavaScript warning: https://idp.openccc.net/_Incapsula_Resource?SWJIYLWA=719d34d31c8e3a6e6fffd425f7e032f3&ns=1&cb=1066858220 line 1 > eval, line 1: unreachable code after return statement
JavaScript warning: https://idp.openccc.net/_Incapsula_Resource?SWJIYLWA=719d34d31c8e3a6e6fffd425f7e032f3&ns=6&cb=930913002, line 1: unreachable code after return statement
JavaScript warning: https://idp.openccc.net/_Incapsula_Resource?SWJIYLWA=719d34d31c8e3a6e6fffd425f7e032f3&ns=6&cb=930913002, line 1: unreachable code after return statement
JavaScript warning: https://idp.openccc.net/_Incapsula_Resource?SWJIYLWA=719d34d31c8e3a6e6fffd425f7e032f3&ns=6&cb=930913002 line 1 > eval, line 1: unreachable code after return statement
JavaScript warning: https://idp.openccc.net/_Incapsula_Resource?SWJIYLWA=719d34d31c8e3a6e6fffd425f7e032f3&ns=6&cb=930913002 line 1 > eval, line 1: unreachable code after return statement
JavaScript error: https://www.opencccapply.net/uPortal/media/skins/common/javascript/uportal/up-ga.js, line 1: TypeError: up.analytics is undefined
1623113479543	Marionette	WARN	Ignoring event 'DOMContentLoaded' because document has an invalid readyState of 'complete'.
JavaScript error: https://www.opencccapply.net/uPortal/media/skins/common/javascript/uportal/up-ga.js, line 1: TypeError: up.analytics is undefined
1623113509935	Marionette	INFO	Stopped listening on port 12041

###!!! [Child][RunMessage] Error: Channel closing: too late to send/recv, messages will be lost

1623113613461	geckodriver	INFO	Listening on 127.0.0.1:8844
1623113616580	mozrunner::runner	INFO	Running command: "C:\\Program Files\\Mozilla Firefox\\firefox.exe" "--marionette" "-foreground" "-no-remote" "-profile" "C:\\Users\\Blue\\AppData\\Local\\Temp\\rust_mozprofilezIIi3E"
1623113617527	Marionette	INFO	Marionette enabled
console.warn: SearchSettings: "get: No settings file exists, new profile?" (new NotFoundError("Could not open the file at C:\\Users\\Blue\\AppData\\Local\\Temp\\rust_mozprofilezIIi3E\\search.json.mozlz4", (void 0)))
console.error: Region.jsm: "Error fetching region" (new Error("TIMEOUT", "resource://gre/modules/Region.jsm", 772))
console.error: Region.jsm: "Failed to fetch region" (new Error("TIMEOUT", "resource://gre/modules/Region.jsm", 419))
1623113634131	Marionette	INFO	Listening on port 8852
1623113636399	Marionette	WARN	TLS certificate errors will be ignored for this session
JavaScript warning: https://www.opencccapply.net/_Incapsula_Resource?SWJIYLWA=719d34d31c8e3a6e6fffd425f7e032f3&ns=1&cb=1424271116, line 1: unreachable code after return statement
JavaScript warning: https://www.opencccapply.net/_Incapsula_Resource?SWJIYLWA=719d34d31c8e3a6e6fffd425f7e032f3&ns=1&cb=1424271116, line 1: unreachable code after return statement
JavaScript warning: https://www.opencccapply.net/_Incapsula_Resource?SWJIYLWA=719d34d31c8e3a6e6fffd425f7e032f3&ns=1&cb=1424271116, line 1: unreachable code after return statement
JavaScript warning: https://www.opencccapply.net/_Incapsula_Resource?SWJIYLWA=719d34d31c8e3a6e6fffd425f7e032f3&ns=1&cb=1424271116 line 1 > eval, line 1: unreachable code after return statement
JavaScript warning: https://www.opencccapply.net/_Incapsula_Resource?SWJIYLWA=719d34d31c8e3a6e6fffd425f7e032f3&ns=1&cb=1424271116 line 1 > eval, line 1: unreachable code after return statement
JavaScript warning: https://www.openccc.net/_Incapsula_Resource?SWJIYLWA=719d34d31c8e3a6e6fffd425f7e032f3&ns=5&cb=166119064, line 1: unreachable code after return statement
JavaScript warning: https://www.openccc.net/_Incapsula_Resource?SWJIYLWA=719d34d31c8e3a6e6fffd425f7e032f3&ns=5&cb=166119064, line 1: unreachable code after return statement
JavaScript warning: https://www.openccc.net/_Incapsula_Resource?SWJIYLWA=719d34d31c8e3a6e6fffd425f7e032f3&ns=5&cb=166119064, line 1: unreachable code after return statement
JavaScript warning: https://www.openccc.net/_Incapsula_Resource?SWJIYLWA=719d34d31c8e3a6e6fffd425f7e032f3&ns=5&cb=166119064 line 1 > eval, line 1: unreachable code after return statement
JavaScript warning: https://www.openccc.net/_Incapsula_Resource?SWJIYLWA=719d34d31c8e3a6e6fffd425f7e032f3&ns=5&cb=166119064 line 1 > eval, line 1: unreachable code after return statement
JavaScript error: https://www.openccc.net/ccc-jasig-widget-portlets/assets/js/common/common-js.js?v=ddd6efc, line 2: TypeError: window.ccc.Module is undefined
JavaScript warning: https://idp.openccc.net/_Incapsula_Resource?SWJIYLWA=719d34d31c8e3a6e6fffd425f7e032f3&ns=1&cb=243731554, line 1: unreachable code after return statement
JavaScript warning: https://idp.openccc.net/_Incapsula_Resource?SWJIYLWA=719d34d31c8e3a6e6fffd425f7e032f3&ns=1&cb=243731554, line 1: unreachable code after return statement
JavaScript warning: https://idp.openccc.net/_Incapsula_Resource?SWJIYLWA=719d34d31c8e3a6e6fffd425f7e032f3&ns=1&cb=243731554, line 1: unreachable code after return statement
JavaScript warning: https://idp.openccc.net/_Incapsula_Resource?SWJIYLWA=719d34d31c8e3a6e6fffd425f7e032f3&ns=1&cb=243731554 line 1 > eval, line 1: unreachable code after return statement
JavaScript warning: https://idp.openccc.net/_Incapsula_Resource?SWJIYLWA=719d34d31c8e3a6e6fffd425f7e032f3&ns=1&cb=243731554 line 1 > eval, line 1: unreachable code after return statement
JavaScript warning: https://idp.openccc.net/_Incapsula_Resource?SWJIYLWA=719d34d31c8e3a6e6fffd425f7e032f3&ns=7&cb=95902594, line 1: unreachable code after return statement
JavaScript warning: https://idp.openccc.net/_Incapsula_Resource?SWJIYLWA=719d34d31c8e3a6e6fffd425f7e032f3&ns=7&cb=95902594, line 1: unreachable code after return statement
JavaScript warning: https://idp.openccc.net/_Incapsula_Resource?SWJIYLWA=719d34d31c8e3a6e6fffd425f7e032f3&ns=7&cb=95902594, line 1: unreachable code after return statement
JavaScript warning: https://idp.openccc.net/_Incapsula_Resource?SWJIYLWA=719d34d31c8e3a6e6fffd425f7e032f3&ns=7&cb=95902594 line 1 > eval, line 1: unreachable code after return statement
JavaScript warning: https://idp.openccc.net/_Incapsula_Resource?SWJIYLWA=719d34d31c8e3a6e6fffd425f7e032f3&ns=7&cb=95902594 line 1 > eval, line 1: unreachable code after return statement
1623113789064	Marionette	WARN	Ignoring event 'DOMContentLoaded' because document has an invalid readyState of 'complete'.
1623113881318	Marionette	INFO	Stopped listening on port 8852

###!!! [Child][RunMessage] Error: Channel closing: too late to send/recv, messages will be lost

1623114018934	geckodriver	INFO	Listening on 127.0.0.1:7361
1623114022046	mozrunner::runner	INFO	Running command: "C:\\Program Files\\Mozilla Firefox\\firefox.exe" "--marionette" "-foreground" "-no-remote" "-profile" "C:\\Users\\Blue\\AppData\\Local\\Temp\\rust_mozprofilekdWnKa"
1623114022656	Marionette	INFO	Marionette enabled
console.warn: SearchSettings: "get: No settings file exists, new profile?" (new NotFoundError("Could not open the file at C:\\Users\\Blue\\AppData\\Local\\Temp\\rust_mozprofilekdWnKa\\search.json.mozlz4", (void 0)))
console.error: Region.jsm: "Error fetching region" (new Error("TIMEOUT", "resource://gre/modules/Region.jsm", 772))
console.error: Region.jsm: "Failed to fetch region" (new Error("TIMEOUT", "resource://gre/modules/Region.jsm", 419))
1623114039128	Marionette	INFO	Listening on port 7369
1623114043235	Marionette	WARN	TLS certificate errors will be ignored for this session
JavaScript warning: https://www.opencccapply.net/_Incapsula_Resource?SWJIYLWA=719d34d31c8e3a6e6fffd425f7e032f3&ns=1&cb=1911615098, line 1: unreachable code after return statement
JavaScript warning: https://www.opencccapply.net/_Incapsula_Resource?SWJIYLWA=719d34d31c8e3a6e6fffd425f7e032f3&ns=1&cb=1911615098, line 1: unreachable code after return statement
JavaScript warning: https://www.opencccapply.net/_Incapsula_Resource?SWJIYLWA=719d34d31c8e3a6e6fffd425f7e032f3&ns=1&cb=1911615098, line 1: unreachable code after return statement
JavaScript warning: https://www.opencccapply.net/_Incapsula_Resource?SWJIYLWA=719d34d31c8e3a6e6fffd425f7e032f3&ns=1&cb=1911615098 line 1 > eval, line 1: unreachable code after return statement
JavaScript warning: https://www.opencccapply.net/_Incapsula_Resource?SWJIYLWA=719d34d31c8e3a6e6fffd425f7e032f3&ns=1&cb=1911615098 line 1 > eval, line 1: unreachable code after return statement
JavaScript warning: https://www.openccc.net/_Incapsula_Resource?SWJIYLWA=719d34d31c8e3a6e6fffd425f7e032f3&ns=5&cb=1174527085, line 1: unreachable code after return statement
JavaScript warning: https://www.openccc.net/_Incapsula_Resource?SWJIYLWA=719d34d31c8e3a6e6fffd425f7e032f3&ns=5&cb=1174527085, line 1: unreachable code after return statement
JavaScript warning: https://www.openccc.net/_Incapsula_Resource?SWJIYLWA=719d34d31c8e3a6e6fffd425f7e032f3&ns=5&cb=1174527085 line 1 > eval, line 1: unreachable code after return statement
1623114191245	Marionette	INFO	Stopped listening on port 7369

###!!! [Child][RunMessage] Error: Channel closing: too late to send/recv, messages will be lost

1623114209025	geckodriver	INFO	Listening on 127.0.0.1:5835
1623114212172	mozrunner::runner	INFO	Running command: "C:\\Program Files\\Mozilla Firefox\\firefox.exe" "--marionette" "-foreground" "-no-remote" "-profile" "C:\\Users\\Blue\\AppData\\Local\\Temp\\rust_mozprofile7j6hGU"
1623114212839	Marionette	INFO	Marionette enabled
console.warn: SearchSettings: "get: No settings file exists, new profile?" (new NotFoundError("Could not open the file at C:\\Users\\Blue\\AppData\\Local\\Temp\\rust_mozprofile7j6hGU\\search.json.mozlz4", (void 0)))
console.error: Region.jsm: "Error fetching region" (new Error("TIMEOUT", "resource://gre/modules/Region.jsm", 772))
console.error: Region.jsm: "Failed to fetch region" (new Error("TIMEOUT", "resource://gre/modules/Region.jsm", 419))
1623114229666	Marionette	INFO	Listening on port 5843
1623114232056	Marionette	WARN	TLS certificate errors will be ignored for this session
JavaScript warning: https://www.opencccapply.net/_Incapsula_Resource?SWJIYLWA=719d34d31c8e3a6e6fffd425f7e032f3&ns=1&cb=1595865490, line 1: unreachable code after return statement
JavaScript warning: https://www.opencccapply.net/_Incapsula_Resource?SWJIYLWA=719d34d31c8e3a6e6fffd425f7e032f3&ns=1&cb=1595865490, line 1: unreachable code after return statement
JavaScript warning: https://www.opencccapply.net/_Incapsula_Resource?SWJIYLWA=719d34d31c8e3a6e6fffd425f7e032f3&ns=1&cb=1595865490 line 1 > eval, line 1: unreachable code after return statement
JavaScript warning: https://www.openccc.net/_Incapsula_Resource?SWJIYLWA=719d34d31c8e3a6e6fffd425f7e032f3&ns=5&cb=1352152472, line 1: unreachable code after return statement
JavaScript warning: https://www.openccc.net/_Incapsula_Resource?SWJIYLWA=719d34d31c8e3a6e6fffd425f7e032f3&ns=5&cb=1352152472, line 1: unreachable code after return statement
JavaScript warning: https://www.openccc.net/_Incapsula_Resource?SWJIYLWA=719d34d31c8e3a6e6fffd425f7e032f3&ns=5&cb=1352152472 line 1 > eval, line 1: unreachable code after return statement
JavaScript error: https://www.openccc.net/ccc-jasig-widget-portlets/assets/js/common/common-js.js?v=ddd6efc, line 2: TypeError: window.ccc.Module is undefined
JavaScript warning: https://idp.openccc.net/_Incapsula_Resource?SWJIYLWA=719d34d31c8e3a6e6fffd425f7e032f3&ns=1&cb=446116313, line 1: unreachable code after return statement
JavaScript warning: https://idp.openccc.net/_Incapsula_Resource?SWJIYLWA=719d34d31c8e3a6e6fffd425f7e032f3&ns=1&cb=446116313 line 1 > eval, line 1: unreachable code after return statement
JavaScript warning: https://idp.openccc.net/_Incapsula_Resource?SWJIYLWA=719d34d31c8e3a6e6fffd425f7e032f3&ns=7&cb=350362019, line 1: unreachable code after return statement
JavaScript warning: https://idp.openccc.net/_Incapsula_Resource?SWJIYLWA=719d34d31c8e3a6e6fffd425f7e032f3&ns=7&cb=350362019, line 1: unreachable code after return statement
JavaScript warning: https://idp.openccc.net/_Incapsula_Resource?SWJIYLWA=719d34d31c8e3a6e6fffd425f7e032f3&ns=7&cb=350362019 line 1 > eval, line 1: unreachable code after return statement
JavaScript error: https://www.opencccapply.net/uPortal/media/skins/common/javascript/uportal/up-ga.js, line 1: TypeError: up.analytics is undefined
1623114552838	Marionette	WARN	Ignoring event 'DOMContentLoaded' because document has an invalid readyState of 'complete'.
1623114573338	Marionette	INFO	Stopped listening on port 5843
